[debug] [2022-08-28T12:42:56.819Z] ----------------------------------------------------------------------
[debug] [2022-08-28T12:42:56.823Z] Command:       C:\Program Files\nodejs\node.exe C:\Users\DEV\AppData\Roaming\npm\node_modules\firebase-tools\lib\bin\firebase.js init
[debug] [2022-08-28T12:42:56.824Z] CLI Version:   11.8.0
[debug] [2022-08-28T12:42:56.825Z] Platform:      win32
[debug] [2022-08-28T12:42:56.825Z] Node Version:  v16.14.0
[debug] [2022-08-28T12:42:56.827Z] Time:          Sun Aug 28 2022 14:42:56 GMT+0200 (hora de verano de Europa central)
[debug] [2022-08-28T12:42:56.827Z] ----------------------------------------------------------------------
[debug] 
[debug] [2022-08-28T12:42:56.848Z] > command requires scopes: ["email","openid","https://www.googleapis.com/auth/cloudplatformprojects.readonly","https://www.googleapis.com/auth/firebase","https://www.googleapis.com/auth/cloud-platform"]
[debug] [2022-08-28T12:42:56.849Z] > authorizing via signed-in user (pleasebcool@gmail.com)
[info] 
     ######## #### ########  ######## ########     ###     ######  ########
     ##        ##  ##     ## ##       ##     ##  ##   ##  ##       ##
     ######    ##  ########  ######   ########  #########  ######  ######
     ##        ##  ##    ##  ##       ##     ## ##     ##       ## ##
     ##       #### ##     ## ######## ########  ##     ##  ######  ########

You're about to initialize a Firebase project in this directory:

  C:\Users\DEV\Desktop\next-test

[info] 
=== Project Setup
[info] 
[info] First, let's associate this project directory with a Firebase project.
[info] You can create multiple project aliases by running firebase use --add, 
[info] but for now we'll just set up a default project.
[info] 
[debug] [2022-08-28T12:44:06.920Z] >>> [apiv2][query] GET https://firebase.googleapis.com/v1beta1/projects pageSize=100
[debug] [2022-08-28T12:44:07.411Z] <<< [apiv2][status] GET https://firebase.googleapis.com/v1beta1/projects 200
[debug] [2022-08-28T12:44:07.411Z] <<< [apiv2][body] GET https://firebase.googleapis.com/v1beta1/projects [omitted]
[info] i  Using project next-test-507ee (next-test) 
[info] 
=== Hosting Setup
[info] 
[info] Your public directory is the folder (relative to your project directory) that
[info] will contain Hosting assets to be uploaded with firebase deploy. If you
[info] have a build process for your assets, use your build's output directory.
[info] 
